<?xml version="1.0" encoding="UTF-8"?>
<testng-results ignored="0" total="3" passed="3" failed="0" skipped="0">
  <reporter-output>
  </reporter-output>
  <suite started-at="2024-04-10T23:16:06 IST" name="Default suite" finished-at="2024-04-10T23:16:41 IST" duration-ms="35721">
    <groups>
    </groups>
    <test started-at="2024-04-10T23:16:06 IST" name="Default test" finished-at="2024-04-10T23:16:41 IST" duration-ms="35721">
      <class name="tests.Login">
        <test-method signature="testLogin(java.util.HashMap)[pri:0, instance:tests.Login@128d2484]" started-at="2024-04-10T23:16:06 IST" name="testLogin" data-provider="dataSuplier" finished-at="2024-04-10T23:16:23 IST" duration-ms="16444" status="PASS">
          <params>
            <param index="0">
              <value>
                <![CDATA[{Runmode=Y, ExpectedResult=Failure, Username=harshtester302@gmail.com, Browser=Chrome, Password=1.2345678E7}]]>
              </value>
            </param>
          </params>
          <reporter-output>
          </reporter-output>
        </test-method> <!-- testLogin -->
        <test-method is-config="true" signature="tearDown()[pri:0, instance:tests.Login@128d2484]" started-at="2024-04-10T23:16:23 IST" name="tearDown" finished-at="2024-04-10T23:16:23 IST" duration-ms="266" status="PASS">
          <reporter-output>
          </reporter-output>
        </test-method> <!-- tearDown -->
        <test-method signature="testLogin(java.util.HashMap)[pri:0, instance:tests.Login@128d2484]" started-at="2024-04-10T23:16:23 IST" name="testLogin" data-provider="dataSuplier" finished-at="2024-04-10T23:16:31 IST" duration-ms="8217" status="PASS">
          <params>
            <param index="0">
              <value>
                <![CDATA[{Runmode=Y, ExpectedResult=Success, Username=harshtester30+09@gmail.com, Browser=Firefox, Password=qwertyuiop}]]>
              </value>
            </param>
          </params>
          <reporter-output>
          </reporter-output>
        </test-method> <!-- testLogin -->
        <test-method is-config="true" signature="tearDown()[pri:0, instance:tests.Login@128d2484]" started-at="2024-04-10T23:16:31 IST" name="tearDown" finished-at="2024-04-10T23:16:32 IST" duration-ms="1028" status="PASS">
          <reporter-output>
          </reporter-output>
        </test-method> <!-- tearDown -->
        <test-method signature="testLogin(java.util.HashMap)[pri:0, instance:tests.Login@128d2484]" started-at="2024-04-10T23:16:32 IST" name="testLogin" data-provider="dataSuplier" finished-at="2024-04-10T23:16:41 IST" duration-ms="8764" status="PASS">
          <params>
            <param index="0">
              <value>
                <![CDATA[{Runmode=Y, ExpectedResult=Success, Username=harshtester303@gmail.com, Browser=Edge, Password=qwertyuiop}]]>
              </value>
            </param>
          </params>
          <reporter-output>
          </reporter-output>
        </test-method> <!-- testLogin -->
        <test-method is-config="true" signature="tearDown()[pri:0, instance:tests.Login@128d2484]" started-at="2024-04-10T23:16:41 IST" name="tearDown" finished-at="2024-04-10T23:16:41 IST" duration-ms="269" status="PASS">
          <reporter-output>
          </reporter-output>
        </test-method> <!-- tearDown -->
      </class> <!-- tests.Login -->
    </test> <!-- Default test -->
  </suite> <!-- Default suite -->
</testng-results>
